Using pre-set license
Built from '2021.1/staging' branch; Version is '2021.1.21f1 (f2d5d3c59f8c) revision 15914451'; Using compiler version '192528614'; Build Type 'Release'
OS: 'Windows 10 Home; OS build 19042.1288; Version 2009; 64bit' Language: 'en' Physical Memory: 6093 MB
BatchMode: 1, IsHumanControllingUs: 0, StartBugReporterOnCrash: 0, Is64bit: 1, IsPro: 0

COMMAND LINE ARGUMENTS:
C:\Program Files\Unity\Hub\Editor\2021.1.21f1\Editor\Unity.exe
-adb2
-batchMode
-noUpm
-name
AssetImportWorker1
-projectPath
C:/Users/yingy/OneDrive/Documents/GitHub/Ripple-Demo/Ripple_Demo
-logFile
Logs/AssetImportWorker1.log
-srvPort
53682
Successfully changed project path to: C:/Users/yingy/OneDrive/Documents/GitHub/Ripple-Demo/Ripple_Demo
C:/Users/yingy/OneDrive/Documents/GitHub/Ripple-Demo/Ripple_Demo
Using Asset Import Pipeline V2.
