Using pre-set license
Built from '2021.1/staging' branch; Version is '2021.1.21f1 (f2d5d3c59f8c) revision 15914451'; Using compiler version '192528614'; Build Type 'Release'
OS: 'Windows 10 Home; OS build 19042.1288; Version 2009; 64bit' Language: 'en' Physical Memory: 6093 MB
BatchMode: 1, IsHumanControllingUs: 0, StartBugReporterOnCrash: 0, Is64bit: 1, IsPro: 0

COMMAND LINE ARGUMENTS:
C:\Program Files\Unity\Hub\Editor\2021.1.21f1\Editor\Unity.exe
-adb2
-batchMode
-noUpm
-name
AssetImportWorker1
-projectPath
C:/Users/yingy/OneDrive/Documents/GitHub/Ripple-Demo/Ripple_Demo
-logFile
Logs/AssetImportWorker1.log
-srvPort
51514
Successfully changed project path to: C:/Users/yingy/OneDrive/Documents/GitHub/Ripple-Demo/Ripple_Demo
C:/Users/yingy/OneDrive/Documents/GitHub/Ripple-Demo/Ripple_Demo
Using Asset Import Pipeline V2.
Refreshing native plugins compatible for Editor in 3970.72 ms, found 5 plugins.
Preloading 0 native plugins for Editor in 0.00 ms.
Initialize engine version: 2021.1.21f1 (f2d5d3c59f8c)
[Subsystems] Discovering subsystems at path C:/Program Files/Unity/Hub/Editor/2021.1.21f1/Editor/Data/Resources/UnitySubsystems
[Subsystems] Discovering subsystems at path C:/Users/yingy/OneDrive/Documents/GitHub/Ripple-Demo/Ripple_Demo/Assets
GfxDevice: creating device client; threaded=0; jobified=0
